Using pre-set license
Built from '2020.3/release' branch; Version is '2020.3.15f2 (6cf78cb77498) revision 7141260'; Using compiler version '192528614'; Build Type 'Release'
OS: 'Windows 10 Pro; OS build 19043.1165; Version 2009; 64bit' Language: 'en' Physical Memory: 12168 MB
BatchMode: 1, IsHumanControllingUs: 0, StartBugReporterOnCrash: 0, Is64bit: 1, IsPro: 0

 COMMAND LINE ARGUMENTS:
C:\Program Files\Unity\Hub\Editor\2020.3.15f2\Editor\Unity.exe
-adb2
-batchMode
-noUpm
-name
AssetImportWorker0
-projectPath
C:/Users/admin/Documents/Github/Whack_A_Food/WhackAFood
-logFile
Logs/AssetImportWorker0.log
-srvPort
64044
Successfully changed project path to: C:/Users/admin/Documents/Github/Whack_A_Food/WhackAFood
C:/Users/admin/Documents/Github/Whack_A_Food/WhackAFood
Using Asset Import Pipeline V2.
Refreshing native plugins compatible for Editor in 35.36 ms, found 2 plugins.
Preloading 0 native plugins for Editor in 0.00 ms.
Initialize engine version: 2020.3.15f2 (6cf78cb77498)
[Subsystems] Discovering subsystems at path C:/Program Files/Unity/Hub/Editor/2020.3.15f2/Editor/Data/Resources/UnitySubsystems
[Subsystems] Discovering subsystems at path C:/Users/admin/Documents/Github/Whack_A_Food/WhackAFood/Assets
GfxDevice: creating device client; threaded=0
Direct3D:
    Version:  Direct3D 11.0 [level 11.0]
    Renderer: NVIDIA Quadro M1000M (ID=0x13b1)
    Vendor:   
    VRAM:     2007 MB
    Driver:   30.0.14.7141
Initialize mono
Mono path[0] = 'C:/Program Files/Unity/Hub/Editor/2020.3.15f2/Editor/Data/Managed'
Mono path[1] = 'C:/Program Files/Unity/Hub/Editor/2020.3.15f2/Editor/Data/MonoBleedingEdge/lib/mono/unityjit'
Mono config path = 'C:/Program Files/Unity/Hub/Editor/2020.3.15f2/Editor/Data/MonoBleedingEdge/etc'
Using monoOptions --debugger-agent=transport=dt_socket,embedding=1,server=y,suspend=n,address=127.0.0.1:56756
Begin MonoManager ReloadAssembly
Registering precompiled unity dll's ...
Register platform support module: C:/Program Files/Unity/Hub/Editor/2020.3.15f2/Editor/Data/PlaybackEngines/WindowsStandaloneSupport/UnityEditor.WindowsStandalone.Extensions.dll
Registered in 0.002585 seconds.
Native extension for WindowsStandalone target not found
Refreshing native plugins compatible for Editor in 29.34 ms, found 2 plugins.
Preloading 0 native plugins for Editor in 0.00 ms.
Mono: successfully reloaded assembly
- Completed reload, in  1.448 seconds
Domain Reload Profiling:
	ReloadAssembly (1448ms)
		BeginReloadAssembly (73ms)
			ExecutionOrderSort (0ms)
			DisableScriptedObjects (0ms)
			BackupInstance (0ms)
			ReleaseScriptingObjects (0ms)
			CreateAndSetChildDomain (1ms)
		EndReloadAssembly (473ms)
			LoadAssemblies (69ms)
			RebuildTransferFunctionScriptingTraits (0ms)
			SetupTypeCache (181ms)
			ReleaseScriptCaches (0ms)
			RebuildScriptCaches (36ms)
			SetupLoadedEditorAssemblies (176ms)
				LogAssemblyErrors (0ms)
				InitializePlatformSupportModulesInManaged (4ms)
				SetLoadedEditorAssemblies (0ms)
				RefreshPlugins (29ms)
				BeforeProcessingInitializeOnLoad (15ms)
				ProcessInitializeOnLoadAttributes (95ms)
				ProcessInitializeOnLoadMethodAttributes (33ms)
				AfterProcessingInitializeOnLoad (0ms)
				EditorAssembliesLoaded (0ms)
			ExecutionOrderSort2 (0ms)
			AwakeInstancesAfterBackupRestoration (0ms)
Platform modules already initialized, skipping
Registering precompiled user dll's ...
Registered in 0.005454 seconds.
Begin MonoManager ReloadAssembly
Native extension for WindowsStandalone target not found
Refreshing native plugins compatible for Editor in 0.37 ms, found 2 plugins.
Preloading 0 native plugins for Editor in 0.00 ms.
Mono: successfully reloaded assembly
- Completed reload, in  1.465 seconds
Domain Reload Profiling:
	ReloadAssembly (1466ms)
		BeginReloadAssembly (202ms)
			ExecutionOrderSort (0ms)
			DisableScriptedObjects (6ms)
			BackupInstance (0ms)
			ReleaseScriptingObjects (0ms)
			CreateAndSetChildDomain (24ms)
		EndReloadAssembly (1162ms)
			LoadAssemblies (139ms)
			RebuildTransferFunctionScriptingTraits (0ms)
			SetupTypeCache (391ms)
			ReleaseScriptCaches (0ms)
			RebuildScriptCaches (51ms)
			SetupLoadedEditorAssemblies (466ms)
				LogAssemblyErrors (0ms)
				InitializePlatformSupportModulesInManaged (6ms)
				SetLoadedEditorAssemblies (0ms)
				RefreshPlugins (0ms)
				BeforeProcessingInitializeOnLoad (96ms)
				ProcessInitializeOnLoadAttributes (349ms)
				ProcessInitializeOnLoadMethodAttributes (5ms)
				AfterProcessingInitializeOnLoad (9ms)
				EditorAssembliesLoaded (0ms)
			ExecutionOrderSort2 (0ms)
			AwakeInstancesAfterBackupRestoration (7ms)
Platform modules already initialized, skipping
========================================================================
Worker process is ready to serve import requests
Launched and connected shader compiler UnityShaderCompiler.exe after 0.11 seconds
Refreshing native plugins compatible for Editor in 0.38 ms, found 2 plugins.
Preloading 0 native plugins for Editor in 0.00 ms.
Unloading 1398 Unused Serialized files (Serialized files now loaded: 0)
System memory in use before: 65.0 MB.
System memory in use after: 65.0 MB.

Unloading 19 unused Assets to reduce memory usage. Loaded Objects now: 1830.
Total: 2.992300 ms (FindLiveObjects: 0.161900 ms CreateObjectMapping: 0.048700 ms MarkObjects: 2.676800 ms  DeleteObjects: 0.103700 ms)

AssetImportParameters requested are different than current active one (requested -> active):
  custom:framework-win-MediaFoundation: 216162199b28c13a410421893ffa2e32 -> 
  custom:video-decoder-ogg-theora: a1e56fd34408186e4bbccfd4996cb3dc -> 
  custom:container-muxer-webm: aa71ff27fc2769a1b78a27578f13a17b -> 
  custom:container-demuxer-webm: 4f35f7cbe854078d1ac9338744f61a02 -> 
  custom:container-demuxer-ogg: 62fdf1f143b41e24485cea50d1cbac27 -> 
  custom:video-encoder-webm-vp8: eb34c28f22e8b96e1ab97ce403110664 -> 
  custom:video-decoder-webm-vp8: 9c59270c3fd7afecdb556c50c9e8de78 -> 
  custom:audio-decoder-ogg-vorbis: bf7c407c2cedff20999df2af8eb42d56 -> 
  custom:audio-encoder-webm-vorbis: bf7c407c2cedff20999df2af8eb42d56 -> 
========================================================================
Received Import Request.
  path: Assets
  artifactKey: Guid(00000000000000001000000000000000) Importer(815301076,1909f56bfc062723c751e8b465ee728b)
Start importing Assets using Guid(00000000000000001000000000000000) Importer(815301076,1909f56bfc062723c751e8b465ee728b)  -> (artifact id: '42d402b061de3733987d63b9cc3b64de') in 0.012878 seconds 
  Import took 0.016542 seconds .

========================================================================
Received Prepare
Registering precompiled user dll's ...
Registered in 0.005480 seconds.
Begin MonoManager ReloadAssembly
Native extension for WindowsStandalone target not found
Refreshing native plugins compatible for Editor in 0.38 ms, found 2 plugins.
Preloading 0 native plugins for Editor in 0.00 ms.
Mono: successfully reloaded assembly
- Completed reload, in  1.201 seconds
Domain Reload Profiling:
	ReloadAssembly (1202ms)
		BeginReloadAssembly (126ms)
			ExecutionOrderSort (0ms)
			DisableScriptedObjects (5ms)
			BackupInstance (0ms)
			ReleaseScriptingObjects (0ms)
			CreateAndSetChildDomain (38ms)
		EndReloadAssembly (1001ms)
			LoadAssemblies (101ms)
			RebuildTransferFunctionScriptingTraits (0ms)
			SetupTypeCache (317ms)
			ReleaseScriptCaches (1ms)
			RebuildScriptCaches (42ms)
			SetupLoadedEditorAssemblies (416ms)
				LogAssemblyErrors (0ms)
				InitializePlatformSupportModulesInManaged (7ms)
				SetLoadedEditorAssemblies (0ms)
				RefreshPlugins (0ms)
				BeforeProcessingInitializeOnLoad (81ms)
				ProcessInitializeOnLoadAttributes (313ms)
				ProcessInitializeOnLoadMethodAttributes (5ms)
				AfterProcessingInitializeOnLoad (10ms)
				EditorAssembliesLoaded (0ms)
			ExecutionOrderSort2 (0ms)
			AwakeInstancesAfterBackupRestoration (8ms)
Platform modules already initialized, skipping
Refreshing native plugins compatible for Editor in 0.32 ms, found 2 plugins.
Preloading 0 native plugins for Editor in 0.00 ms.
Unloading 1399 Unused Serialized files (Serialized files now loaded: 0)
System memory in use before: 65.1 MB.
System memory in use after: 65.2 MB.

Unloading 15 unused Assets to reduce memory usage. Loaded Objects now: 1837.
Total: 2.575700 ms (FindLiveObjects: 0.125700 ms CreateObjectMapping: 0.038800 ms MarkObjects: 2.219000 ms  DeleteObjects: 0.191300 ms)

AssetImportParameters requested are different than current active one (requested -> active):
  custom:framework-win-MediaFoundation: 216162199b28c13a410421893ffa2e32 -> 
  custom:video-decoder-ogg-theora: a1e56fd34408186e4bbccfd4996cb3dc -> 
  custom:container-muxer-webm: aa71ff27fc2769a1b78a27578f13a17b -> 
  custom:container-demuxer-webm: 4f35f7cbe854078d1ac9338744f61a02 -> 
  custom:container-demuxer-ogg: 62fdf1f143b41e24485cea50d1cbac27 -> 
  custom:video-encoder-webm-vp8: eb34c28f22e8b96e1ab97ce403110664 -> 
  custom:video-decoder-webm-vp8: 9c59270c3fd7afecdb556c50c9e8de78 -> 
  custom:audio-decoder-ogg-vorbis: bf7c407c2cedff20999df2af8eb42d56 -> 
  custom:audio-encoder-webm-vorbis: bf7c407c2cedff20999df2af8eb42d56 -> 
========================================================================
Received Import Request.
  Time since last request: 46.735987 seconds.
  path: Assets/Course Library
  artifactKey: Guid(22c2f1eee63c83b47985e3cc83815ab3) Importer(815301076,1909f56bfc062723c751e8b465ee728b)
Start importing Assets/Course Library using Guid(22c2f1eee63c83b47985e3cc83815ab3) Importer(815301076,1909f56bfc062723c751e8b465ee728b)  -> (artifact id: '6360aaa96bcd1591e4f44ef0dd9daa50') in 0.009938 seconds 
  Import took 0.012820 seconds .

========================================================================
Received Import Request.
  Time since last request: 0.008366 seconds.
  path: Assets/Course Library
  artifactKey: Guid(22c2f1eee63c83b47985e3cc83815ab3) Importer(815301076,1909f56bfc062723c751e8b465ee728b)
Start importing Assets/Course Library using Guid(22c2f1eee63c83b47985e3cc83815ab3) Importer(815301076,1909f56bfc062723c751e8b465ee728b)  -> (artifact id: '6360aaa96bcd1591e4f44ef0dd9daa50') in 0.003338 seconds 
  Import took 0.006299 seconds .

========================================================================
Received Import Request.
  Time since last request: 0.064615 seconds.
  path: Assets/Course Library/Fonts
  artifactKey: Guid(035f5fb1693a243418a0c37f774e8bf3) Importer(815301076,1909f56bfc062723c751e8b465ee728b)
Start importing Assets/Course Library/Fonts using Guid(035f5fb1693a243418a0c37f774e8bf3) Importer(815301076,1909f56bfc062723c751e8b465ee728b)  -> (artifact id: 'ef7b9d8c10b586a401bd14f1a0dea330') in 0.009855 seconds 
  Import took 0.012507 seconds .

========================================================================
Received Import Request.
  Time since last request: 1.322713 seconds.
  path: Assets/Course Library/Fonts/Indie_Flower
  artifactKey: Guid(7380db8362015dc4b887f909ae2da0e0) Importer(815301076,1909f56bfc062723c751e8b465ee728b)
Start importing Assets/Course Library/Fonts/Indie_Flower using Guid(7380db8362015dc4b887f909ae2da0e0) Importer(815301076,1909f56bfc062723c751e8b465ee728b)  -> (artifact id: 'ca903ff821c9f265a0a8081c95e2f25e') in 0.009082 seconds 
  Import took 0.011595 seconds .

========================================================================
Received Import Request.
  Time since last request: 0.073236 seconds.
  path: Assets/Course Library/Fonts/Indie_Flower/IndieFlower SDF.asset
  artifactKey: Guid(8abe1e37fe7bf433896970245b936749) Importer(815301076,1909f56bfc062723c751e8b465ee728b)
Start importing Assets/Course Library/Fonts/Indie_Flower/IndieFlower SDF.asset using Guid(8abe1e37fe7bf433896970245b936749) Importer(815301076,1909f56bfc062723c751e8b465ee728b)  -> (artifact id: 'cedf82a9782dd7b58969fae58359c962') in 0.189901 seconds 
  Import took 0.192795 seconds .

========================================================================
Received Import Request.
  Time since last request: 0.000411 seconds.
  path: Assets/Course Library/Fonts/Indie_Flower/IndieFlower.ttf
  artifactKey: Guid(1e2dedf0209f94b3a970377b23a013a9) Importer(815301076,1909f56bfc062723c751e8b465ee728b)
Start importing Assets/Course Library/Fonts/Indie_Flower/IndieFlower.ttf using Guid(1e2dedf0209f94b3a970377b23a013a9) Importer(815301076,1909f56bfc062723c751e8b465ee728b)  -> (artifact id: 'e6d6b1eb18174a2954f1d9000e750356') in 0.030794 seconds 
  Import took 0.034641 seconds .

========================================================================
Received Import Request.
  Time since last request: 3.588459 seconds.
  path: Assets/Course Library/_Source_Files
  artifactKey: Guid(5a8c965daec7a354e95a07ab6af2522f) Importer(815301076,1909f56bfc062723c751e8b465ee728b)
Start importing Assets/Course Library/_Source_Files using Guid(5a8c965daec7a354e95a07ab6af2522f) Importer(815301076,1909f56bfc062723c751e8b465ee728b)  -> (artifact id: 'c91fb7556e0c2c4142b9b6828cec5cc2') in 0.009173 seconds 
  Import took 0.012381 seconds .

========================================================================
Received Import Request.
  Time since last request: 1.634610 seconds.
  path: Assets/Course Library/_Source_Files/Scripts
  artifactKey: Guid(a233d72f227470b43a1a929095768cc3) Importer(815301076,1909f56bfc062723c751e8b465ee728b)
Start importing Assets/Course Library/_Source_Files/Scripts using Guid(a233d72f227470b43a1a929095768cc3) Importer(815301076,1909f56bfc062723c751e8b465ee728b)  -> (artifact id: 'c5554796bdb0c230207d9b19d01731b2') in 0.009274 seconds 
  Import took 0.012805 seconds .

========================================================================
Received Import Request.
  Time since last request: 10.599765 seconds.
  path: Assets/Course Library/_Source_Files/Scripts/DestroyAfterDelay.cs
  artifactKey: Guid(f5b4d8977842d4495a74efdf63299158) Importer(815301076,1909f56bfc062723c751e8b465ee728b)
Start importing Assets/Course Library/_Source_Files/Scripts/DestroyAfterDelay.cs using Guid(f5b4d8977842d4495a74efdf63299158) Importer(815301076,1909f56bfc062723c751e8b465ee728b)  -> (artifact id: 'a92b817feb65c672395b41f30c160b6f') in 0.014068 seconds 
  Import took 0.016793 seconds .

========================================================================
Received Import Request.
  Time since last request: 0.025668 seconds.
  path: Assets/Course Library/_Source_Files/Scripts/DestroyAfterDelay.cs
  artifactKey: Guid(f5b4d8977842d4495a74efdf63299158) Importer(815301076,1909f56bfc062723c751e8b465ee728b)
Start importing Assets/Course Library/_Source_Files/Scripts/DestroyAfterDelay.cs using Guid(f5b4d8977842d4495a74efdf63299158) Importer(815301076,1909f56bfc062723c751e8b465ee728b)  -> (artifact id: 'a92b817feb65c672395b41f30c160b6f') in 0.003358 seconds 
  Import took 0.006839 seconds .

========================================================================
Received Import Request.
  Time since last request: 19.992878 seconds.
  path: Assets/Course Library/_Source_Files/SimpleFX
  artifactKey: Guid(221707063eaae4945a41894886ed92ca) Importer(815301076,1909f56bfc062723c751e8b465ee728b)
Start importing Assets/Course Library/_Source_Files/SimpleFX using Guid(221707063eaae4945a41894886ed92ca) Importer(815301076,1909f56bfc062723c751e8b465ee728b)  -> (artifact id: 'dbf2089e4b70d9beded3e569352c8e91') in 0.012904 seconds 
  Import took 0.017417 seconds .

========================================================================
Received Import Request.
  Time since last request: 51.159548 seconds.
  path: Assets/Scenes
  artifactKey: Guid(b0fa6613f6614f244aa02a9a41b9aa9f) Importer(815301076,1909f56bfc062723c751e8b465ee728b)
Start importing Assets/Scenes using Guid(b0fa6613f6614f244aa02a9a41b9aa9f) Importer(815301076,1909f56bfc062723c751e8b465ee728b)  -> (artifact id: 'a767504d3e87b530cbe6f49fe5fec862') in 0.009437 seconds 
  Import took 0.012964 seconds .

========================================================================
Received Import Request.
  Time since last request: 1.117664 seconds.
  path: Assets/Scenes/SampleScene.unity
  artifactKey: Guid(9fc0d4010bbf28b4594072e72b8655ab) Importer(815301076,1909f56bfc062723c751e8b465ee728b)
Start importing Assets/Scenes/SampleScene.unity using Guid(9fc0d4010bbf28b4594072e72b8655ab) Importer(815301076,1909f56bfc062723c751e8b465ee728b)  -> (artifact id: '85059f4f9e1a832ed95adaa0d25c5c4c') in 0.010581 seconds 
  Import took 0.013552 seconds .

========================================================================
Received Import Request.
  Time since last request: 28.527483 seconds.
  path: Assets/Challenge 5
  artifactKey: Guid(a1be4f594b7c548b48751b09894ce7a7) Importer(815301076,1909f56bfc062723c751e8b465ee728b)
Start importing Assets/Challenge 5 using Guid(a1be4f594b7c548b48751b09894ce7a7) Importer(815301076,1909f56bfc062723c751e8b465ee728b)  -> (artifact id: 'f00221d738d0cb8a0c1eb7a557ddcd6b') in 0.010132 seconds 
  Import took 0.013633 seconds .

========================================================================
Received Import Request.
  Time since last request: 0.002887 seconds.
  path: Assets/Challenge 5
  artifactKey: Guid(a1be4f594b7c548b48751b09894ce7a7) Importer(815301076,1909f56bfc062723c751e8b465ee728b)
Start importing Assets/Challenge 5 using Guid(a1be4f594b7c548b48751b09894ce7a7) Importer(815301076,1909f56bfc062723c751e8b465ee728b)  -> (artifact id: 'f00221d738d0cb8a0c1eb7a557ddcd6b') in 0.005629 seconds 
  Import took 0.009524 seconds .

========================================================================
Received Import Request.
  Time since last request: 1.126203 seconds.
  path: Assets/Challenge 5/Challenge 5.unity
  artifactKey: Guid(2c85e4f6638394ea8b8154a3b832357b) Importer(815301076,1909f56bfc062723c751e8b465ee728b)
Start importing Assets/Challenge 5/Challenge 5.unity using Guid(2c85e4f6638394ea8b8154a3b832357b) Importer(815301076,1909f56bfc062723c751e8b465ee728b)  -> (artifact id: '8e57327719022146de5e39d3a29619a2') in 0.009351 seconds 
  Import took 0.012485 seconds .

========================================================================
Received Import Request.
  Time since last request: 0.007799 seconds.
  path: Assets/Challenge 5/Challenge 5.unity
  artifactKey: Guid(2c85e4f6638394ea8b8154a3b832357b) Importer(815301076,1909f56bfc062723c751e8b465ee728b)
Start importing Assets/Challenge 5/Challenge 5.unity using Guid(2c85e4f6638394ea8b8154a3b832357b) Importer(815301076,1909f56bfc062723c751e8b465ee728b)  -> (artifact id: '8e57327719022146de5e39d3a29619a2') in 0.004216 seconds 
  Import took 0.008115 seconds .

========================================================================
Received Prepare
Registering precompiled user dll's ...
Registered in 0.007451 seconds.
Begin MonoManager ReloadAssembly
Native extension for WindowsStandalone target not found
Refreshing native plugins compatible for Editor in 0.62 ms, found 2 plugins.
Preloading 0 native plugins for Editor in 0.00 ms.
Mono: successfully reloaded assembly
- Completed reload, in  1.672 seconds
Domain Reload Profiling:
	ReloadAssembly (1673ms)
		BeginReloadAssembly (153ms)
			ExecutionOrderSort (0ms)
			DisableScriptedObjects (5ms)
			BackupInstance (0ms)
			ReleaseScriptingObjects (0ms)
			CreateAndSetChildDomain (42ms)
		EndReloadAssembly (1421ms)
			LoadAssemblies (134ms)
			RebuildTransferFunctionScriptingTraits (0ms)
			SetupTypeCache (432ms)
			ReleaseScriptCaches (1ms)
			RebuildScriptCaches (49ms)
			SetupLoadedEditorAssemblies (685ms)
				LogAssemblyErrors (0ms)
				InitializePlatformSupportModulesInManaged (8ms)
				SetLoadedEditorAssemblies (1ms)
				RefreshPlugins (1ms)
				BeforeProcessingInitializeOnLoad (137ms)
				ProcessInitializeOnLoadAttributes (514ms)
				ProcessInitializeOnLoadMethodAttributes (7ms)
				AfterProcessingInitializeOnLoad (17ms)
				EditorAssembliesLoaded (0ms)
			ExecutionOrderSort2 (0ms)
			AwakeInstancesAfterBackupRestoration (11ms)
Platform modules already initialized, skipping
Refreshing native plugins compatible for Editor in 0.49 ms, found 2 plugins.
Preloading 0 native plugins for Editor in 0.00 ms.
Unloading 1446 Unused Serialized files (Serialized files now loaded: 0)
System memory in use before: 71.5 MB.
System memory in use after: 70.9 MB.

Unloading 28 unused Assets to reduce memory usage. Loaded Objects now: 1917.
Total: 4.550500 ms (FindLiveObjects: 0.251700 ms CreateObjectMapping: 0.060500 ms MarkObjects: 3.624900 ms  DeleteObjects: 0.610200 ms)

AssetImportParameters requested are different than current active one (requested -> active):
  custom:framework-win-MediaFoundation: 216162199b28c13a410421893ffa2e32 -> 
  custom:video-decoder-ogg-theora: a1e56fd34408186e4bbccfd4996cb3dc -> 
  custom:container-muxer-webm: aa71ff27fc2769a1b78a27578f13a17b -> 
  custom:container-demuxer-webm: 4f35f7cbe854078d1ac9338744f61a02 -> 
  custom:container-demuxer-ogg: 62fdf1f143b41e24485cea50d1cbac27 -> 
  custom:video-encoder-webm-vp8: eb34c28f22e8b96e1ab97ce403110664 -> 
  custom:video-decoder-webm-vp8: 9c59270c3fd7afecdb556c50c9e8de78 -> 
  custom:audio-decoder-ogg-vorbis: bf7c407c2cedff20999df2af8eb42d56 -> 
  custom:audio-encoder-webm-vorbis: bf7c407c2cedff20999df2af8eb42d56 -> 
AssetImportWorkerClient::OnTransportError - code=2 error=End of file
